<?xml version="1.0" encoding="UTF-8"?>
<!-- Generated by org.testng.reporters.JUnitReportReporter -->
<testsuite hostname="DESKTOP-76O5QF6" failures="0" tests="1" name="com.hrms.TestScripts.TestCase101" time="28.904" errors="0" timestamp="2021-08-07T08:41:19 IST" skipped="0">
  <testcase classname="com.hrms.TestScripts.TestCase101" name="tc001" time="28.904"/>
  <system-out>
    <![CDATA[Application opened]]>
  </system-out>
</testsuite> <!-- com.hrms.TestScripts.TestCase101 -->
